[debug] [2021-02-19T16:28:33.928Z] ----------------------------------------------------------------------
[debug] [2021-02-19T16:28:33.930Z] Command:       C:\Program Files\nodejs\node.exe C:\Users\2017c\AppData\Roaming\npm\node_modules\firebase-tools\lib\bin\firebase.js init
[debug] [2021-02-19T16:28:33.930Z] CLI Version:   9.3.0
[debug] [2021-02-19T16:28:33.930Z] Platform:      win32
[debug] [2021-02-19T16:28:33.931Z] Node Version:  v12.19.0
[debug] [2021-02-19T16:28:33.931Z] Time:          Fri Feb 19 2021 21:58:33 GMT+0530 (India Standard Time)
[debug] [2021-02-19T16:28:33.932Z] ----------------------------------------------------------------------
[debug] [2021-02-19T16:28:33.932Z] 
[debug] [2021-02-19T16:28:33.937Z] > command requires scopes: ["email","openid","https://www.googleapis.com/auth/cloudplatformprojects.readonly","https://www.googleapis.com/auth/firebase","https://www.googleapis.com/auth/cloud-platform"]
[debug] [2021-02-19T16:28:33.937Z] > authorizing via signed-in user
[info] 
     ######## #### ########  ######## ########     ###     ######  ########
     ##        ##  ##     ## ##       ##     ##  ##   ##  ##       ##
     ######    ##  ########  ######   ########  #########  ######  ######
     ##        ##  ##    ##  ##       ##     ## ##     ##       ## ##
     ##       #### ##     ## ######## ########  ##     ##  ######  ########

You're about to initialize a Firebase project in this directory:

  C:\Users\2017c\Desktop\Github\covitracker

Before we get started, keep in mind:

  * You are initializing in an existing Firebase project directory

